2023-06-07 04:30:00,662 INFO 58102 [Timer] /Users/cuishoulong_cd/Desktop/code/baidu/personal-code/csl-upload/server/node_modules/egg-multipart/app/schedule/clean_tmpdir.js next time will execute after 86399341ms at 2023-06-08 04:30:00.003
2023-06-07 04:30:00,659 INFO 58103 [Job#1686083400658648427956197381] /Users/cuishoulong_cd/Desktop/code/baidu/personal-code/csl-upload/server/node_modules/egg-multipart/app/schedule/clean_tmpdir.js executing by app
2023-06-07 04:30:00,698 INFO 58103 [-/127.0.0.1/-/38ms SCHEDULE /__schedule?path=/Users/cuishoulong_cd/Desktop/code/baidu/personal-code/csl-upload/server/node_modules/egg-multipart/app/schedule/clean_tmpdir.js&type=worker&cron=0%2030%204%20*%20*%20*&disable=false&immediate=false] [Job#1686083400658648427956197381] /Users/cuishoulong_cd/Desktop/code/baidu/personal-code/csl-upload/server/node_modules/egg-multipart/app/schedule/clean_tmpdir.js execute succeed, used 37ms. 
2023-06-07 11:42:01,813 INFO 33807 [egg-schedule]: register schedule /Users/cuishoulong_cd/Desktop/code/baidu/personal-code/csl-upload/server/node_modules/egg-multipart/app/schedule/clean_tmpdir.js
2023-06-07 11:42:01,813 INFO 33807 [egg-schedule]: register schedule /Users/cuishoulong_cd/Desktop/code/baidu/personal-code/csl-upload/server/node_modules/egg-logrotator/app/schedule/clean_log.js
2023-06-07 11:42:01,813 INFO 33807 [egg-schedule]: register schedule /Users/cuishoulong_cd/Desktop/code/baidu/personal-code/csl-upload/server/node_modules/egg-logrotator/app/schedule/rotate_by_file.js
2023-06-07 11:42:01,991 INFO 33803 [Timer] /Users/cuishoulong_cd/Desktop/code/baidu/personal-code/csl-upload/server/node_modules/egg-multipart/app/schedule/clean_tmpdir.js next time will execute after 60478011ms at 2023-06-08 04:30:00.002
2023-06-07 11:42:01,991 INFO 33803 [Timer] /Users/cuishoulong_cd/Desktop/code/baidu/personal-code/csl-upload/server/node_modules/egg-logrotator/app/schedule/clean_log.js next time will execute after 44278009ms at 2023-06-08 00:00:00.000
2023-06-07 11:42:01,992 INFO 33803 [Timer] /Users/cuishoulong_cd/Desktop/code/baidu/personal-code/csl-upload/server/node_modules/egg-logrotator/app/schedule/rotate_by_file.js next time will execute after 44279009ms at 2023-06-08 00:00:01.001
2023-06-07 15:54:43,875 INFO 76731 [Timer] /Users/cuishoulong_cd/Desktop/code/baidu/personal-code/csl-upload/server/node_modules/egg-multipart/app/schedule/clean_tmpdir.js next time will execute after 45316128ms at 2023-06-08 04:30:00.003
2023-06-07 15:54:43,876 INFO 76731 [Timer] /Users/cuishoulong_cd/Desktop/code/baidu/personal-code/csl-upload/server/node_modules/egg-logrotator/app/schedule/clean_log.js next time will execute after 29116125ms at 2023-06-08 00:00:00.001
2023-06-07 15:54:43,876 INFO 76731 [Timer] /Users/cuishoulong_cd/Desktop/code/baidu/personal-code/csl-upload/server/node_modules/egg-logrotator/app/schedule/rotate_by_file.js next time will execute after 29117124ms at 2023-06-08 00:00:01.000
2023-06-07 15:54:43,377 INFO 76733 [egg-schedule]: register schedule /Users/cuishoulong_cd/Desktop/code/baidu/personal-code/csl-upload/server/node_modules/egg-multipart/app/schedule/clean_tmpdir.js
2023-06-07 15:54:43,378 INFO 76733 [egg-schedule]: register schedule /Users/cuishoulong_cd/Desktop/code/baidu/personal-code/csl-upload/server/node_modules/egg-logrotator/app/schedule/clean_log.js
2023-06-07 15:54:43,378 INFO 76733 [egg-schedule]: register schedule /Users/cuishoulong_cd/Desktop/code/baidu/personal-code/csl-upload/server/node_modules/egg-logrotator/app/schedule/rotate_by_file.js
2023-06-07 15:55:57,631 INFO 76978 [egg-schedule]: register schedule /Users/cuishoulong_cd/Desktop/code/baidu/personal-code/csl-upload/server/node_modules/egg-multipart/app/schedule/clean_tmpdir.js
2023-06-07 15:55:57,631 INFO 76978 [egg-schedule]: register schedule /Users/cuishoulong_cd/Desktop/code/baidu/personal-code/csl-upload/server/node_modules/egg-logrotator/app/schedule/clean_log.js
2023-06-07 15:55:57,631 INFO 76978 [egg-schedule]: register schedule /Users/cuishoulong_cd/Desktop/code/baidu/personal-code/csl-upload/server/node_modules/egg-logrotator/app/schedule/rotate_by_file.js
2023-06-07 15:58:14,181 INFO 77319 [egg-schedule]: register schedule /Users/cuishoulong_cd/Desktop/code/baidu/personal-code/csl-upload/server/node_modules/egg-multipart/app/schedule/clean_tmpdir.js
2023-06-07 15:58:14,181 INFO 77319 [egg-schedule]: register schedule /Users/cuishoulong_cd/Desktop/code/baidu/personal-code/csl-upload/server/node_modules/egg-logrotator/app/schedule/clean_log.js
2023-06-07 15:58:14,181 INFO 77319 [egg-schedule]: register schedule /Users/cuishoulong_cd/Desktop/code/baidu/personal-code/csl-upload/server/node_modules/egg-logrotator/app/schedule/rotate_by_file.js
2023-06-07 15:58:58,747 INFO 77515 [egg-schedule]: register schedule /Users/cuishoulong_cd/Desktop/code/baidu/personal-code/csl-upload/server/node_modules/egg-multipart/app/schedule/clean_tmpdir.js
2023-06-07 15:58:58,747 INFO 77515 [egg-schedule]: register schedule /Users/cuishoulong_cd/Desktop/code/baidu/personal-code/csl-upload/server/node_modules/egg-logrotator/app/schedule/clean_log.js
2023-06-07 15:58:58,747 INFO 77515 [egg-schedule]: register schedule /Users/cuishoulong_cd/Desktop/code/baidu/personal-code/csl-upload/server/node_modules/egg-logrotator/app/schedule/rotate_by_file.js
2023-06-07 15:59:18,476 INFO 77562 [egg-schedule]: register schedule /Users/cuishoulong_cd/Desktop/code/baidu/personal-code/csl-upload/server/node_modules/egg-multipart/app/schedule/clean_tmpdir.js
2023-06-07 15:59:18,477 INFO 77562 [egg-schedule]: register schedule /Users/cuishoulong_cd/Desktop/code/baidu/personal-code/csl-upload/server/node_modules/egg-logrotator/app/schedule/clean_log.js
2023-06-07 15:59:18,477 INFO 77562 [egg-schedule]: register schedule /Users/cuishoulong_cd/Desktop/code/baidu/personal-code/csl-upload/server/node_modules/egg-logrotator/app/schedule/rotate_by_file.js
2023-06-07 15:59:51,199 INFO 77639 [egg-schedule]: register schedule /Users/cuishoulong_cd/Desktop/code/baidu/personal-code/csl-upload/server/node_modules/egg-multipart/app/schedule/clean_tmpdir.js
2023-06-07 15:59:51,199 INFO 77639 [egg-schedule]: register schedule /Users/cuishoulong_cd/Desktop/code/baidu/personal-code/csl-upload/server/node_modules/egg-logrotator/app/schedule/clean_log.js
2023-06-07 15:59:51,199 INFO 77639 [egg-schedule]: register schedule /Users/cuishoulong_cd/Desktop/code/baidu/personal-code/csl-upload/server/node_modules/egg-logrotator/app/schedule/rotate_by_file.js
2023-06-07 16:00:52,960 INFO 77832 [egg-schedule]: register schedule /Users/cuishoulong_cd/Desktop/code/baidu/personal-code/csl-upload/server/node_modules/egg-multipart/app/schedule/clean_tmpdir.js
2023-06-07 16:00:52,960 INFO 77832 [egg-schedule]: register schedule /Users/cuishoulong_cd/Desktop/code/baidu/personal-code/csl-upload/server/node_modules/egg-logrotator/app/schedule/clean_log.js
2023-06-07 16:00:52,960 INFO 77832 [egg-schedule]: register schedule /Users/cuishoulong_cd/Desktop/code/baidu/personal-code/csl-upload/server/node_modules/egg-logrotator/app/schedule/rotate_by_file.js
2023-06-07 16:03:13,358 INFO 78162 [egg-schedule]: register schedule /Users/cuishoulong_cd/Desktop/code/baidu/personal-code/csl-upload/server/node_modules/egg-multipart/app/schedule/clean_tmpdir.js
2023-06-07 16:03:13,358 INFO 78162 [egg-schedule]: register schedule /Users/cuishoulong_cd/Desktop/code/baidu/personal-code/csl-upload/server/node_modules/egg-logrotator/app/schedule/clean_log.js
2023-06-07 16:03:13,359 INFO 78162 [egg-schedule]: register schedule /Users/cuishoulong_cd/Desktop/code/baidu/personal-code/csl-upload/server/node_modules/egg-logrotator/app/schedule/rotate_by_file.js
2023-06-07 16:03:41,482 INFO 78276 [egg-schedule]: register schedule /Users/cuishoulong_cd/Desktop/code/baidu/personal-code/csl-upload/server/node_modules/egg-multipart/app/schedule/clean_tmpdir.js
2023-06-07 16:03:41,482 INFO 78276 [egg-schedule]: register schedule /Users/cuishoulong_cd/Desktop/code/baidu/personal-code/csl-upload/server/node_modules/egg-logrotator/app/schedule/clean_log.js
2023-06-07 16:03:41,482 INFO 78276 [egg-schedule]: register schedule /Users/cuishoulong_cd/Desktop/code/baidu/personal-code/csl-upload/server/node_modules/egg-logrotator/app/schedule/rotate_by_file.js
2023-06-07 16:04:05,479 INFO 78338 [egg-schedule]: register schedule /Users/cuishoulong_cd/Desktop/code/baidu/personal-code/csl-upload/server/node_modules/egg-multipart/app/schedule/clean_tmpdir.js
2023-06-07 16:04:05,479 INFO 78338 [egg-schedule]: register schedule /Users/cuishoulong_cd/Desktop/code/baidu/personal-code/csl-upload/server/node_modules/egg-logrotator/app/schedule/clean_log.js
2023-06-07 16:04:05,479 INFO 78338 [egg-schedule]: register schedule /Users/cuishoulong_cd/Desktop/code/baidu/personal-code/csl-upload/server/node_modules/egg-logrotator/app/schedule/rotate_by_file.js
2023-06-07 16:05:14,989 INFO 78530 [egg-schedule]: register schedule /Users/cuishoulong_cd/Desktop/code/baidu/personal-code/csl-upload/server/node_modules/egg-multipart/app/schedule/clean_tmpdir.js
2023-06-07 16:05:14,989 INFO 78530 [egg-schedule]: register schedule /Users/cuishoulong_cd/Desktop/code/baidu/personal-code/csl-upload/server/node_modules/egg-logrotator/app/schedule/clean_log.js
2023-06-07 16:05:14,989 INFO 78530 [egg-schedule]: register schedule /Users/cuishoulong_cd/Desktop/code/baidu/personal-code/csl-upload/server/node_modules/egg-logrotator/app/schedule/rotate_by_file.js
2023-06-07 16:05:51,529 INFO 78626 [egg-schedule]: register schedule /Users/cuishoulong_cd/Desktop/code/baidu/personal-code/csl-upload/server/node_modules/egg-multipart/app/schedule/clean_tmpdir.js
2023-06-07 16:05:51,529 INFO 78626 [egg-schedule]: register schedule /Users/cuishoulong_cd/Desktop/code/baidu/personal-code/csl-upload/server/node_modules/egg-logrotator/app/schedule/clean_log.js
2023-06-07 16:05:51,529 INFO 78626 [egg-schedule]: register schedule /Users/cuishoulong_cd/Desktop/code/baidu/personal-code/csl-upload/server/node_modules/egg-logrotator/app/schedule/rotate_by_file.js
2023-06-07 16:06:38,422 INFO 78727 [egg-schedule]: register schedule /Users/cuishoulong_cd/Desktop/code/baidu/personal-code/csl-upload/server/node_modules/egg-multipart/app/schedule/clean_tmpdir.js
2023-06-07 16:06:38,422 INFO 78727 [egg-schedule]: register schedule /Users/cuishoulong_cd/Desktop/code/baidu/personal-code/csl-upload/server/node_modules/egg-logrotator/app/schedule/clean_log.js
2023-06-07 16:06:38,422 INFO 78727 [egg-schedule]: register schedule /Users/cuishoulong_cd/Desktop/code/baidu/personal-code/csl-upload/server/node_modules/egg-logrotator/app/schedule/rotate_by_file.js
2023-06-07 16:07:50,324 INFO 78960 [egg-schedule]: register schedule /Users/cuishoulong_cd/Desktop/code/baidu/personal-code/csl-upload/server/node_modules/egg-multipart/app/schedule/clean_tmpdir.js
2023-06-07 16:07:50,325 INFO 78960 [egg-schedule]: register schedule /Users/cuishoulong_cd/Desktop/code/baidu/personal-code/csl-upload/server/node_modules/egg-logrotator/app/schedule/clean_log.js
2023-06-07 16:07:50,325 INFO 78960 [egg-schedule]: register schedule /Users/cuishoulong_cd/Desktop/code/baidu/personal-code/csl-upload/server/node_modules/egg-logrotator/app/schedule/rotate_by_file.js
2023-06-07 16:08:30,947 INFO 79048 [egg-schedule]: register schedule /Users/cuishoulong_cd/Desktop/code/baidu/personal-code/csl-upload/server/node_modules/egg-multipart/app/schedule/clean_tmpdir.js
2023-06-07 16:08:30,947 INFO 79048 [egg-schedule]: register schedule /Users/cuishoulong_cd/Desktop/code/baidu/personal-code/csl-upload/server/node_modules/egg-logrotator/app/schedule/clean_log.js
2023-06-07 16:08:30,947 INFO 79048 [egg-schedule]: register schedule /Users/cuishoulong_cd/Desktop/code/baidu/personal-code/csl-upload/server/node_modules/egg-logrotator/app/schedule/rotate_by_file.js
2023-06-07 16:09:16,034 INFO 79298 [egg-schedule]: register schedule /Users/cuishoulong_cd/Desktop/code/baidu/personal-code/csl-upload/server/node_modules/egg-multipart/app/schedule/clean_tmpdir.js
2023-06-07 16:09:16,035 INFO 79298 [egg-schedule]: register schedule /Users/cuishoulong_cd/Desktop/code/baidu/personal-code/csl-upload/server/node_modules/egg-logrotator/app/schedule/clean_log.js
2023-06-07 16:09:16,035 INFO 79298 [egg-schedule]: register schedule /Users/cuishoulong_cd/Desktop/code/baidu/personal-code/csl-upload/server/node_modules/egg-logrotator/app/schedule/rotate_by_file.js
2023-06-07 16:10:22,708 INFO 79761 [egg-schedule]: register schedule /Users/cuishoulong_cd/Desktop/code/baidu/personal-code/csl-upload/server/node_modules/egg-multipart/app/schedule/clean_tmpdir.js
2023-06-07 16:10:22,711 INFO 79761 [egg-schedule]: register schedule /Users/cuishoulong_cd/Desktop/code/baidu/personal-code/csl-upload/server/node_modules/egg-logrotator/app/schedule/clean_log.js
2023-06-07 16:10:22,711 INFO 79761 [egg-schedule]: register schedule /Users/cuishoulong_cd/Desktop/code/baidu/personal-code/csl-upload/server/node_modules/egg-logrotator/app/schedule/rotate_by_file.js
2023-06-07 16:10:44,254 INFO 79821 [egg-schedule]: register schedule /Users/cuishoulong_cd/Desktop/code/baidu/personal-code/csl-upload/server/node_modules/egg-multipart/app/schedule/clean_tmpdir.js
2023-06-07 16:10:44,254 INFO 79821 [egg-schedule]: register schedule /Users/cuishoulong_cd/Desktop/code/baidu/personal-code/csl-upload/server/node_modules/egg-logrotator/app/schedule/clean_log.js
2023-06-07 16:10:44,254 INFO 79821 [egg-schedule]: register schedule /Users/cuishoulong_cd/Desktop/code/baidu/personal-code/csl-upload/server/node_modules/egg-logrotator/app/schedule/rotate_by_file.js
2023-06-07 16:11:32,870 INFO 79977 [egg-schedule]: register schedule /Users/cuishoulong_cd/Desktop/code/baidu/personal-code/csl-upload/server/node_modules/egg-multipart/app/schedule/clean_tmpdir.js
2023-06-07 16:11:32,870 INFO 79977 [egg-schedule]: register schedule /Users/cuishoulong_cd/Desktop/code/baidu/personal-code/csl-upload/server/node_modules/egg-logrotator/app/schedule/clean_log.js
2023-06-07 16:11:32,871 INFO 79977 [egg-schedule]: register schedule /Users/cuishoulong_cd/Desktop/code/baidu/personal-code/csl-upload/server/node_modules/egg-logrotator/app/schedule/rotate_by_file.js
2023-06-07 16:12:02,541 INFO 80054 [egg-schedule]: register schedule /Users/cuishoulong_cd/Desktop/code/baidu/personal-code/csl-upload/server/node_modules/egg-multipart/app/schedule/clean_tmpdir.js
2023-06-07 16:12:02,541 INFO 80054 [egg-schedule]: register schedule /Users/cuishoulong_cd/Desktop/code/baidu/personal-code/csl-upload/server/node_modules/egg-logrotator/app/schedule/clean_log.js
2023-06-07 16:12:02,541 INFO 80054 [egg-schedule]: register schedule /Users/cuishoulong_cd/Desktop/code/baidu/personal-code/csl-upload/server/node_modules/egg-logrotator/app/schedule/rotate_by_file.js
2023-06-07 16:12:27,878 INFO 80104 [egg-schedule]: register schedule /Users/cuishoulong_cd/Desktop/code/baidu/personal-code/csl-upload/server/node_modules/egg-multipart/app/schedule/clean_tmpdir.js
2023-06-07 16:12:27,879 INFO 80104 [egg-schedule]: register schedule /Users/cuishoulong_cd/Desktop/code/baidu/personal-code/csl-upload/server/node_modules/egg-logrotator/app/schedule/clean_log.js
2023-06-07 16:12:27,879 INFO 80104 [egg-schedule]: register schedule /Users/cuishoulong_cd/Desktop/code/baidu/personal-code/csl-upload/server/node_modules/egg-logrotator/app/schedule/rotate_by_file.js
2023-06-07 16:12:49,663 INFO 80198 [egg-schedule]: register schedule /Users/cuishoulong_cd/Desktop/code/baidu/personal-code/csl-upload/server/node_modules/egg-multipart/app/schedule/clean_tmpdir.js
2023-06-07 16:12:49,663 INFO 80198 [egg-schedule]: register schedule /Users/cuishoulong_cd/Desktop/code/baidu/personal-code/csl-upload/server/node_modules/egg-logrotator/app/schedule/clean_log.js
2023-06-07 16:12:49,663 INFO 80198 [egg-schedule]: register schedule /Users/cuishoulong_cd/Desktop/code/baidu/personal-code/csl-upload/server/node_modules/egg-logrotator/app/schedule/rotate_by_file.js
2023-06-07 16:13:00,784 INFO 80231 [egg-schedule]: register schedule /Users/cuishoulong_cd/Desktop/code/baidu/personal-code/csl-upload/server/node_modules/egg-multipart/app/schedule/clean_tmpdir.js
2023-06-07 16:13:00,784 INFO 80231 [egg-schedule]: register schedule /Users/cuishoulong_cd/Desktop/code/baidu/personal-code/csl-upload/server/node_modules/egg-logrotator/app/schedule/clean_log.js
2023-06-07 16:13:00,784 INFO 80231 [egg-schedule]: register schedule /Users/cuishoulong_cd/Desktop/code/baidu/personal-code/csl-upload/server/node_modules/egg-logrotator/app/schedule/rotate_by_file.js
2023-06-07 16:13:45,176 INFO 80393 [egg-schedule]: register schedule /Users/cuishoulong_cd/Desktop/code/baidu/personal-code/csl-upload/server/node_modules/egg-multipart/app/schedule/clean_tmpdir.js
2023-06-07 16:13:45,176 INFO 80393 [egg-schedule]: register schedule /Users/cuishoulong_cd/Desktop/code/baidu/personal-code/csl-upload/server/node_modules/egg-logrotator/app/schedule/clean_log.js
2023-06-07 16:13:45,176 INFO 80393 [egg-schedule]: register schedule /Users/cuishoulong_cd/Desktop/code/baidu/personal-code/csl-upload/server/node_modules/egg-logrotator/app/schedule/rotate_by_file.js
2023-06-07 16:13:47,586 INFO 80408 [egg-schedule]: register schedule /Users/cuishoulong_cd/Desktop/code/baidu/personal-code/csl-upload/server/node_modules/egg-multipart/app/schedule/clean_tmpdir.js
2023-06-07 16:13:47,586 INFO 80408 [egg-schedule]: register schedule /Users/cuishoulong_cd/Desktop/code/baidu/personal-code/csl-upload/server/node_modules/egg-logrotator/app/schedule/clean_log.js
2023-06-07 16:13:47,586 INFO 80408 [egg-schedule]: register schedule /Users/cuishoulong_cd/Desktop/code/baidu/personal-code/csl-upload/server/node_modules/egg-logrotator/app/schedule/rotate_by_file.js
2023-06-07 16:13:48,861 INFO 80421 [egg-schedule]: register schedule /Users/cuishoulong_cd/Desktop/code/baidu/personal-code/csl-upload/server/node_modules/egg-multipart/app/schedule/clean_tmpdir.js
2023-06-07 16:13:48,861 INFO 80421 [egg-schedule]: register schedule /Users/cuishoulong_cd/Desktop/code/baidu/personal-code/csl-upload/server/node_modules/egg-logrotator/app/schedule/clean_log.js
2023-06-07 16:13:48,861 INFO 80421 [egg-schedule]: register schedule /Users/cuishoulong_cd/Desktop/code/baidu/personal-code/csl-upload/server/node_modules/egg-logrotator/app/schedule/rotate_by_file.js
2023-06-07 16:14:06,672 INFO 80490 [egg-schedule]: register schedule /Users/cuishoulong_cd/Desktop/code/baidu/personal-code/csl-upload/server/node_modules/egg-multipart/app/schedule/clean_tmpdir.js
2023-06-07 16:14:06,673 INFO 80490 [egg-schedule]: register schedule /Users/cuishoulong_cd/Desktop/code/baidu/personal-code/csl-upload/server/node_modules/egg-logrotator/app/schedule/clean_log.js
2023-06-07 16:14:06,673 INFO 80490 [egg-schedule]: register schedule /Users/cuishoulong_cd/Desktop/code/baidu/personal-code/csl-upload/server/node_modules/egg-logrotator/app/schedule/rotate_by_file.js
2023-06-08 11:20:17,832 INFO 59534 [Timer] /Users/cuishoulong_cd/Desktop/code/baidu/personal-code/csl-upload/server/node_modules/egg-multipart/app/schedule/clean_tmpdir.js next time will execute after 61782172ms at 2023-06-09 04:30:00.004
2023-06-08 11:20:17,832 INFO 59534 [Timer] /Users/cuishoulong_cd/Desktop/code/baidu/personal-code/csl-upload/server/node_modules/egg-logrotator/app/schedule/clean_log.js next time will execute after 45582168ms at 2023-06-09 00:00:00.000
2023-06-08 11:20:17,833 INFO 59534 [Timer] /Users/cuishoulong_cd/Desktop/code/baidu/personal-code/csl-upload/server/node_modules/egg-logrotator/app/schedule/rotate_by_file.js next time will execute after 45583168ms at 2023-06-09 00:00:01.001
2023-06-08 11:20:17,361 INFO 59547 [egg-schedule]: register schedule /Users/cuishoulong_cd/Desktop/code/baidu/personal-code/csl-upload/server/node_modules/egg-multipart/app/schedule/clean_tmpdir.js
2023-06-08 11:20:17,361 INFO 59547 [egg-schedule]: register schedule /Users/cuishoulong_cd/Desktop/code/baidu/personal-code/csl-upload/server/node_modules/egg-logrotator/app/schedule/clean_log.js
2023-06-08 11:20:17,361 INFO 59547 [egg-schedule]: register schedule /Users/cuishoulong_cd/Desktop/code/baidu/personal-code/csl-upload/server/node_modules/egg-logrotator/app/schedule/rotate_by_file.js
2023-06-08 11:20:41,921 INFO 59623 [egg-schedule]: register schedule /Users/cuishoulong_cd/Desktop/code/baidu/personal-code/csl-upload/server/node_modules/egg-multipart/app/schedule/clean_tmpdir.js
2023-06-08 11:20:41,921 INFO 59623 [egg-schedule]: register schedule /Users/cuishoulong_cd/Desktop/code/baidu/personal-code/csl-upload/server/node_modules/egg-logrotator/app/schedule/clean_log.js
2023-06-08 11:20:41,921 INFO 59623 [egg-schedule]: register schedule /Users/cuishoulong_cd/Desktop/code/baidu/personal-code/csl-upload/server/node_modules/egg-logrotator/app/schedule/rotate_by_file.js
2023-06-08 11:21:11,466 INFO 59752 [egg-schedule]: register schedule /Users/cuishoulong_cd/Desktop/code/baidu/personal-code/csl-upload/server/node_modules/egg-multipart/app/schedule/clean_tmpdir.js
2023-06-08 11:21:11,466 INFO 59752 [egg-schedule]: register schedule /Users/cuishoulong_cd/Desktop/code/baidu/personal-code/csl-upload/server/node_modules/egg-logrotator/app/schedule/clean_log.js
2023-06-08 11:21:11,466 INFO 59752 [egg-schedule]: register schedule /Users/cuishoulong_cd/Desktop/code/baidu/personal-code/csl-upload/server/node_modules/egg-logrotator/app/schedule/rotate_by_file.js
2023-06-08 11:22:39,629 INFO 59935 [egg-schedule]: register schedule /Users/cuishoulong_cd/Desktop/code/baidu/personal-code/csl-upload/server/node_modules/egg-multipart/app/schedule/clean_tmpdir.js
2023-06-08 11:22:39,629 INFO 59935 [egg-schedule]: register schedule /Users/cuishoulong_cd/Desktop/code/baidu/personal-code/csl-upload/server/node_modules/egg-logrotator/app/schedule/clean_log.js
2023-06-08 11:22:39,630 INFO 59935 [egg-schedule]: register schedule /Users/cuishoulong_cd/Desktop/code/baidu/personal-code/csl-upload/server/node_modules/egg-logrotator/app/schedule/rotate_by_file.js
2023-06-08 11:22:47,451 INFO 59967 [egg-schedule]: register schedule /Users/cuishoulong_cd/Desktop/code/baidu/personal-code/csl-upload/server/node_modules/egg-multipart/app/schedule/clean_tmpdir.js
2023-06-08 11:22:47,451 INFO 59967 [egg-schedule]: register schedule /Users/cuishoulong_cd/Desktop/code/baidu/personal-code/csl-upload/server/node_modules/egg-logrotator/app/schedule/clean_log.js
2023-06-08 11:22:47,452 INFO 59967 [egg-schedule]: register schedule /Users/cuishoulong_cd/Desktop/code/baidu/personal-code/csl-upload/server/node_modules/egg-logrotator/app/schedule/rotate_by_file.js
2023-06-08 11:23:13,007 INFO 60137 [egg-schedule]: register schedule /Users/cuishoulong_cd/Desktop/code/baidu/personal-code/csl-upload/server/node_modules/egg-multipart/app/schedule/clean_tmpdir.js
2023-06-08 11:23:13,007 INFO 60137 [egg-schedule]: register schedule /Users/cuishoulong_cd/Desktop/code/baidu/personal-code/csl-upload/server/node_modules/egg-logrotator/app/schedule/clean_log.js
2023-06-08 11:23:13,008 INFO 60137 [egg-schedule]: register schedule /Users/cuishoulong_cd/Desktop/code/baidu/personal-code/csl-upload/server/node_modules/egg-logrotator/app/schedule/rotate_by_file.js
